The system is: Windows - 10.0.18363 - AMD64
Compiling the C compiler identification source file "CMakeCCompilerId.c" succeeded.
Compiler: C:/Program Files (x86)/Microsoft Visual Studio/2019/Enterprise/VC/Tools/MSVC/14.22.27905/bin/Hostx86/x86/cl.exe 
Build flags: 
Id flags:  

The output was:
0
Microsoft (R) C/C++ Optimizing Compiler versione 19.22.27905 per x86
Copyright (C) Microsoft Corporation. Tutti i diritti  sono riservati.

CMakeCCompilerId.c
Microsoft (R) Incremental Linker Version 14.22.27905.0
Copyright (C) Microsoft Corporation.  All rights reserved.

/out:CMakeCCompilerId.exe 
CMakeCCompilerId.obj 


Compilation of the C compiler identification source "CMakeCCompilerId.c" produced "CMakeCCompilerId.exe"

Compilation of the C compiler identification source "CMakeCCompilerId.c" produced "CMakeCCompilerId.obj"

The C compiler identification is MSVC, found in "C:/Users/p.cairo.2224/Documents/GitHub/Sistemi-2022-2023/Laboratorio/Esercizi Laboratorio/Es2-VettoriDiPuntatori/cmake-build-debug/CMakeFiles/3.14.5/CompilerIdC/CMakeCCompilerId.exe"

Determining if the C compiler works passed with the following output:
Change Dir: C:/Users/p.cairo.2224/Documents/GitHub/Sistemi-2022-2023/Laboratorio/Esercizi Laboratorio/Es2-VettoriDiPuntatori/cmake-build-debug/CMakeFiles/CMakeTmp

Run Build Command(s):nmake /nologo cmTC_df983\fast 
	"C:\Program Files (x86)\Microsoft Visual Studio\2019\Enterprise\VC\Tools\MSVC\14.22.27905\bin\HostX86\x86\nmake.exe" -f CMakeFiles\cmTC_df983.dir\build.make /nologo -L                  CMakeFiles\cmTC_df983.dir\build
Building C object CMakeFiles/cmTC_df983.dir/testCCompiler.c.obj
	C:\PROGRA~2\MICROS~1\2019\ENTERP~1\VC\Tools\MSVC\1422~1.279\bin\Hostx86\x86\cl.exe @C:\Users\PCAIRO~1.222\AppData\Local\Temp\nmF4CC.tmp
testCCompiler.c
Linking C executable cmTC_df983.exe
	"C:\Program Files\JetBrains\CLion 2019.2.2\bin\cmake\win\bin\cmake.exe" -E vs_link_exe --intdir=CMakeFiles\cmTC_df983.dir --rc=C:\PROGRA~2\WI3CF2~1\10\bin\100183~1.0\x86\rc.exe --mt=C:\PROGRA~2\WI3CF2~1\10\bin\100183~1.0\x86\mt.exe --manifests  -- C:\PROGRA~2\MICROS~1\2019\ENTERP~1\VC\Tools\MSVC\1422~1.279\bin\Hostx86\x86\link.exe /nologo @CMakeFiles\cmTC_df983.dir\objects1.rsp @C:\Users\PCAIRO~1.222\AppData\Local\Temp\nmF51B.tmp


Detecting C compiler ABI info compiled with the following output:
Change Dir: C:/Users/p.cairo.2224/Documents/GitHub/Sistemi-2022-2023/Laboratorio/Esercizi Laboratorio/Es2-VettoriDiPuntatori/cmake-build-debug/CMakeFiles/CMakeTmp

Run Build Command(s):nmake /nologo cmTC_27e13\fast 
	"C:\Program Files (x86)\Microsoft Visual Studio\2019\Enterprise\VC\Tools\MSVC\14.22.27905\bin\HostX86\x86\nmake.exe" -f CMakeFiles\cmTC_27e13.dir\build.make /nologo -L                  CMakeFiles\cmTC_27e13.dir\build
Building C object CMakeFiles/cmTC_27e13.dir/CMakeCCompilerABI.c.obj
	C:\PROGRA~2\MICROS~1\2019\ENTERP~1\VC\Tools\MSVC\1422~1.279\bin\Hostx86\x86\cl.exe @C:\Users\PCAIRO~1.222\AppData\Local\Temp\nmF76C.tmp
CMakeCCompilerABI.c
Linking C executable cmTC_27e13.exe
	"C:\Program Files\JetBrains\CLion 2019.2.2\bin\cmake\win\bin\cmake.exe" -E vs_link_exe --intdir=CMakeFiles\cmTC_27e13.dir --rc=C:\PROGRA~2\WI3CF2~1\10\bin\100183~1.0\x86\rc.exe --mt=C:\PROGRA~2\WI3CF2~1\10\bin\100183~1.0\x86\mt.exe --manifests  -- C:\PROGRA~2\MICROS~1\2019\ENTERP~1\VC\Tools\MSVC\1422~1.279\bin\Hostx86\x86\link.exe /nologo @CMakeFiles\cmTC_27e13.dir\objects1.rsp @C:\Users\PCAIRO~1.222\AppData\Local\Temp\nmF7BB.tmp




Detecting C [] compiler features compiled with the following output:
Change Dir: C:/Users/p.cairo.2224/Documents/GitHub/Sistemi-2022-2023/Laboratorio/Esercizi Laboratorio/Es2-VettoriDiPuntatori/cmake-build-debug/CMakeFiles/CMakeTmp

Run Build Command(s):nmake /nologo cmTC_d49d9\fast 
	"C:\Program Files (x86)\Microsoft Visual Studio\2019\Enterprise\VC\Tools\MSVC\14.22.27905\bin\HostX86\x86\nmake.exe" -f CMakeFiles\cmTC_d49d9.dir\build.make /nologo -L                  CMakeFiles\cmTC_d49d9.dir\build
Building C object CMakeFiles/cmTC_d49d9.dir/feature_tests.c.obj
	C:\PROGRA~2\MICROS~1\2019\ENTERP~1\VC\Tools\MSVC\1422~1.279\bin\Hostx86\x86\cl.exe @C:\Users\PCAIRO~1.222\AppData\Local\Temp\nmF9BD.tmp
feature_tests.c
Linking C executable cmTC_d49d9.exe
	"C:\Program Files\JetBrains\CLion 2019.2.2\bin\cmake\win\bin\cmake.exe" -E vs_link_exe --intdir=CMakeFiles\cmTC_d49d9.dir --rc=C:\PROGRA~2\WI3CF2~1\10\bin\100183~1.0\x86\rc.exe --mt=C:\PROGRA~2\WI3CF2~1\10\bin\100183~1.0\x86\mt.exe --manifests  -- C:\PROGRA~2\MICROS~1\2019\ENTERP~1\VC\Tools\MSVC\1422~1.279\bin\Hostx86\x86\link.exe /nologo @CMakeFiles\cmTC_d49d9.dir\objects1.rsp @C:\Users\PCAIRO~1.222\AppData\Local\Temp\nmFA0D.tmp


    Feature record: C_FEATURE:1c_function_prototypes
    Feature record: C_FEATURE:1c_variadic_macros
