The system is: Windows - 10.0.18363 - AMD64
Compiling the C compiler identification source file "CMakeCCompilerId.c" succeeded.
Compiler: C:/Program Files (x86)/Microsoft Visual Studio/2019/Enterprise/VC/Tools/MSVC/14.22.27905/bin/Hostx86/x86/cl.exe 
Build flags: 
Id flags:  

The output was:
0
Microsoft (R) C/C++ Optimizing Compiler versione 19.22.27905 per x86
Copyright (C) Microsoft Corporation. Tutti i diritti  sono riservati.

CMakeCCompilerId.c
Microsoft (R) Incremental Linker Version 14.22.27905.0
Copyright (C) Microsoft Corporation.  All rights reserved.

/out:CMakeCCompilerId.exe 
CMakeCCompilerId.obj 


Compilation of the C compiler identification source "CMakeCCompilerId.c" produced "CMakeCCompilerId.exe"

Compilation of the C compiler identification source "CMakeCCompilerId.c" produced "CMakeCCompilerId.obj"

The C compiler identification is MSVC, found in "C:/Users/p.cairo.2224/Documents/GitHub/Sistemi-2022-2023/Laboratorio/Esercizi Laboratorio/Es1-ProvaPuntatori/cmake-build-debug/CMakeFiles/3.14.5/CompilerIdC/CMakeCCompilerId.exe"

Determining if the C compiler works passed with the following output:
Change Dir: C:/Users/p.cairo.2224/Documents/GitHub/Sistemi-2022-2023/Laboratorio/Esercizi Laboratorio/Es1-ProvaPuntatori/cmake-build-debug/CMakeFiles/CMakeTmp

Run Build Command(s):nmake /nologo cmTC_8c1f1\fast 
	"C:\Program Files (x86)\Microsoft Visual Studio\2019\Enterprise\VC\Tools\MSVC\14.22.27905\bin\HostX86\x86\nmake.exe" -f CMakeFiles\cmTC_8c1f1.dir\build.make /nologo -L                  CMakeFiles\cmTC_8c1f1.dir\build
Building C object CMakeFiles/cmTC_8c1f1.dir/testCCompiler.c.obj
	C:\PROGRA~2\MICROS~1\2019\ENTERP~1\VC\Tools\MSVC\1422~1.279\bin\Hostx86\x86\cl.exe @C:\Users\PCAIRO~1.222\AppData\Local\Temp\nm4E91.tmp
testCCompiler.c
Linking C executable cmTC_8c1f1.exe
	"C:\Program Files\JetBrains\CLion 2019.2.2\bin\cmake\win\bin\cmake.exe" -E vs_link_exe --intdir=CMakeFiles\cmTC_8c1f1.dir --rc=C:\PROGRA~2\WI3CF2~1\10\bin\100183~1.0\x86\rc.exe --mt=C:\PROGRA~2\WI3CF2~1\10\bin\100183~1.0\x86\mt.exe --manifests  -- C:\PROGRA~2\MICROS~1\2019\ENTERP~1\VC\Tools\MSVC\1422~1.279\bin\Hostx86\x86\link.exe /nologo @CMakeFiles\cmTC_8c1f1.dir\objects1.rsp @C:\Users\PCAIRO~1.222\AppData\Local\Temp\nm4EE0.tmp


Detecting C compiler ABI info compiled with the following output:
Change Dir: C:/Users/p.cairo.2224/Documents/GitHub/Sistemi-2022-2023/Laboratorio/Esercizi Laboratorio/Es1-ProvaPuntatori/cmake-build-debug/CMakeFiles/CMakeTmp

Run Build Command(s):nmake /nologo cmTC_da4b8\fast 
	"C:\Program Files (x86)\Microsoft Visual Studio\2019\Enterprise\VC\Tools\MSVC\14.22.27905\bin\HostX86\x86\nmake.exe" -f CMakeFiles\cmTC_da4b8.dir\build.make /nologo -L                  CMakeFiles\cmTC_da4b8.dir\build
Building C object CMakeFiles/cmTC_da4b8.dir/CMakeCCompilerABI.c.obj
	C:\PROGRA~2\MICROS~1\2019\ENTERP~1\VC\Tools\MSVC\1422~1.279\bin\Hostx86\x86\cl.exe @C:\Users\PCAIRO~1.222\AppData\Local\Temp\nm5111.tmp
CMakeCCompilerABI.c
Linking C executable cmTC_da4b8.exe
	"C:\Program Files\JetBrains\CLion 2019.2.2\bin\cmake\win\bin\cmake.exe" -E vs_link_exe --intdir=CMakeFiles\cmTC_da4b8.dir --rc=C:\PROGRA~2\WI3CF2~1\10\bin\100183~1.0\x86\rc.exe --mt=C:\PROGRA~2\WI3CF2~1\10\bin\100183~1.0\x86\mt.exe --manifests  -- C:\PROGRA~2\MICROS~1\2019\ENTERP~1\VC\Tools\MSVC\1422~1.279\bin\Hostx86\x86\link.exe /nologo @CMakeFiles\cmTC_da4b8.dir\objects1.rsp @C:\Users\PCAIRO~1.222\AppData\Local\Temp\nm5160.tmp




Detecting C [] compiler features compiled with the following output:
Change Dir: C:/Users/p.cairo.2224/Documents/GitHub/Sistemi-2022-2023/Laboratorio/Esercizi Laboratorio/Es1-ProvaPuntatori/cmake-build-debug/CMakeFiles/CMakeTmp

Run Build Command(s):nmake /nologo cmTC_9a1de\fast 
	"C:\Program Files (x86)\Microsoft Visual Studio\2019\Enterprise\VC\Tools\MSVC\14.22.27905\bin\HostX86\x86\nmake.exe" -f CMakeFiles\cmTC_9a1de.dir\build.make /nologo -L                  CMakeFiles\cmTC_9a1de.dir\build
Building C object CMakeFiles/cmTC_9a1de.dir/feature_tests.c.obj
	C:\PROGRA~2\MICROS~1\2019\ENTERP~1\VC\Tools\MSVC\1422~1.279\bin\Hostx86\x86\cl.exe @C:\Users\PCAIRO~1.222\AppData\Local\Temp\nm5363.tmp
feature_tests.c
Linking C executable cmTC_9a1de.exe
	"C:\Program Files\JetBrains\CLion 2019.2.2\bin\cmake\win\bin\cmake.exe" -E vs_link_exe --intdir=CMakeFiles\cmTC_9a1de.dir --rc=C:\PROGRA~2\WI3CF2~1\10\bin\100183~1.0\x86\rc.exe --mt=C:\PROGRA~2\WI3CF2~1\10\bin\100183~1.0\x86\mt.exe --manifests  -- C:\PROGRA~2\MICROS~1\2019\ENTERP~1\VC\Tools\MSVC\1422~1.279\bin\Hostx86\x86\link.exe /nologo @CMakeFiles\cmTC_9a1de.dir\objects1.rsp @C:\Users\PCAIRO~1.222\AppData\Local\Temp\nm53B2.tmp


    Feature record: C_FEATURE:1c_function_prototypes
    Feature record: C_FEATURE:1c_variadic_macros
