The system is: Windows - 10.0.18363 - AMD64
Compiling the C compiler identification source file "CMakeCCompilerId.c" succeeded.
Compiler: C:/Program Files (x86)/Microsoft Visual Studio/2019/Enterprise/VC/Tools/MSVC/14.22.27905/bin/Hostx86/x86/cl.exe 
Build flags: 
Id flags:  

The output was:
0
Microsoft (R) C/C++ Optimizing Compiler versione 19.22.27905 per x86
Copyright (C) Microsoft Corporation. Tutti i diritti  sono riservati.

CMakeCCompilerId.c
Microsoft (R) Incremental Linker Version 14.22.27905.0
Copyright (C) Microsoft Corporation.  All rights reserved.

/out:CMakeCCompilerId.exe 
CMakeCCompilerId.obj 


Compilation of the C compiler identification source "CMakeCCompilerId.c" produced "CMakeCCompilerId.exe"

Compilation of the C compiler identification source "CMakeCCompilerId.c" produced "CMakeCCompilerId.obj"

The C compiler identification is MSVC, found in "C:/Users/p.cairo.2224/Documents/GitHub/Sistemi-2022-2023/Laboratorio/Esercizi Laboratorio/Es3-StringaPalindroma/cmake-build-debug/CMakeFiles/3.14.5/CompilerIdC/CMakeCCompilerId.exe"

Determining if the C compiler works passed with the following output:
Change Dir: C:/Users/p.cairo.2224/Documents/GitHub/Sistemi-2022-2023/Laboratorio/Esercizi Laboratorio/Es3-StringaPalindroma/cmake-build-debug/CMakeFiles/CMakeTmp

Run Build Command(s):nmake /nologo cmTC_86ea4\fast 
	"C:\Program Files (x86)\Microsoft Visual Studio\2019\Enterprise\VC\Tools\MSVC\14.22.27905\bin\HostX86\x86\nmake.exe" -f CMakeFiles\cmTC_86ea4.dir\build.make /nologo -L                  CMakeFiles\cmTC_86ea4.dir\build
Building C object CMakeFiles/cmTC_86ea4.dir/testCCompiler.c.obj
	C:\PROGRA~2\MICROS~1\2019\ENTERP~1\VC\Tools\MSVC\1422~1.279\bin\Hostx86\x86\cl.exe @C:\Users\PCAIRO~1.222\AppData\Local\Temp\nm9CA4.tmp
testCCompiler.c
Linking C executable cmTC_86ea4.exe
	"C:\Program Files\JetBrains\CLion 2019.2.2\bin\cmake\win\bin\cmake.exe" -E vs_link_exe --intdir=CMakeFiles\cmTC_86ea4.dir --rc=C:\PROGRA~2\WI3CF2~1\10\bin\100183~1.0\x86\rc.exe --mt=C:\PROGRA~2\WI3CF2~1\10\bin\100183~1.0\x86\mt.exe --manifests  -- C:\PROGRA~2\MICROS~1\2019\ENTERP~1\VC\Tools\MSVC\1422~1.279\bin\Hostx86\x86\link.exe /nologo @CMakeFiles\cmTC_86ea4.dir\objects1.rsp @C:\Users\PCAIRO~1.222\AppData\Local\Temp\nm9D02.tmp


Detecting C compiler ABI info compiled with the following output:
Change Dir: C:/Users/p.cairo.2224/Documents/GitHub/Sistemi-2022-2023/Laboratorio/Esercizi Laboratorio/Es3-StringaPalindroma/cmake-build-debug/CMakeFiles/CMakeTmp

Run Build Command(s):nmake /nologo cmTC_b904a\fast 
	"C:\Program Files (x86)\Microsoft Visual Studio\2019\Enterprise\VC\Tools\MSVC\14.22.27905\bin\HostX86\x86\nmake.exe" -f CMakeFiles\cmTC_b904a.dir\build.make /nologo -L                  CMakeFiles\cmTC_b904a.dir\build
Building C object CMakeFiles/cmTC_b904a.dir/CMakeCCompilerABI.c.obj
	C:\PROGRA~2\MICROS~1\2019\ENTERP~1\VC\Tools\MSVC\1422~1.279\bin\Hostx86\x86\cl.exe @C:\Users\PCAIRO~1.222\AppData\Local\Temp\nmA147.tmp
CMakeCCompilerABI.c
Linking C executable cmTC_b904a.exe
	"C:\Program Files\JetBrains\CLion 2019.2.2\bin\cmake\win\bin\cmake.exe" -E vs_link_exe --intdir=CMakeFiles\cmTC_b904a.dir --rc=C:\PROGRA~2\WI3CF2~1\10\bin\100183~1.0\x86\rc.exe --mt=C:\PROGRA~2\WI3CF2~1\10\bin\100183~1.0\x86\mt.exe --manifests  -- C:\PROGRA~2\MICROS~1\2019\ENTERP~1\VC\Tools\MSVC\1422~1.279\bin\Hostx86\x86\link.exe /nologo @CMakeFiles\cmTC_b904a.dir\objects1.rsp @C:\Users\PCAIRO~1.222\AppData\Local\Temp\nmA1A6.tmp




Detecting C [] compiler features compiled with the following output:
Change Dir: C:/Users/p.cairo.2224/Documents/GitHub/Sistemi-2022-2023/Laboratorio/Esercizi Laboratorio/Es3-StringaPalindroma/cmake-build-debug/CMakeFiles/CMakeTmp

Run Build Command(s):nmake /nologo cmTC_dfd2e\fast 
	"C:\Program Files (x86)\Microsoft Visual Studio\2019\Enterprise\VC\Tools\MSVC\14.22.27905\bin\HostX86\x86\nmake.exe" -f CMakeFiles\cmTC_dfd2e.dir\build.make /nologo -L                  CMakeFiles\cmTC_dfd2e.dir\build
Building C object CMakeFiles/cmTC_dfd2e.dir/feature_tests.c.obj
	C:\PROGRA~2\MICROS~1\2019\ENTERP~1\VC\Tools\MSVC\1422~1.279\bin\Hostx86\x86\cl.exe @C:\Users\PCAIRO~1.222\AppData\Local\Temp\nmA3C8.tmp
feature_tests.c
Linking C executable cmTC_dfd2e.exe
	"C:\Program Files\JetBrains\CLion 2019.2.2\bin\cmake\win\bin\cmake.exe" -E vs_link_exe --intdir=CMakeFiles\cmTC_dfd2e.dir --rc=C:\PROGRA~2\WI3CF2~1\10\bin\100183~1.0\x86\rc.exe --mt=C:\PROGRA~2\WI3CF2~1\10\bin\100183~1.0\x86\mt.exe --manifests  -- C:\PROGRA~2\MICROS~1\2019\ENTERP~1\VC\Tools\MSVC\1422~1.279\bin\Hostx86\x86\link.exe /nologo @CMakeFiles\cmTC_dfd2e.dir\objects1.rsp @C:\Users\PCAIRO~1.222\AppData\Local\Temp\nmA417.tmp


    Feature record: C_FEATURE:1c_function_prototypes
    Feature record: C_FEATURE:1c_variadic_macros
